<?xml version="1.0" encoding="UTF-8"?>
<!-- Generated by org.testng.reporters.JUnitReportReporter -->
<testsuite hostname="DESKTOP-SE4MMBS" failures="0" tests="2" name="com.nopcommerce.user.Level_14_Log_Report_TestNG" time="6.797" errors="0" timestamp="05 Jul 2022 02:51:26 GMT" skipped="0">
  <testcase classname="com.nopcommerce.user.Level_14_Log_Report_TestNG" name="User_01_Register" time="4.087"/>
  <testcase classname="com.nopcommerce.user.Level_14_Log_Report_TestNG" name="User_02_Login" time="2.710"/>
</testsuite> <!-- com.nopcommerce.user.Level_14_Log_Report_TestNG -->
